<?xml version="1.0" encoding="UTF-8"?>
<!-- Generated by org.testng.reporters.JUnitReportReporter -->
<testsuite skipped="0" hostname="LBLT-13489" name="EbaySearch" tests="1" failures="0" timestamp="2022-09-29T14:12:58 IST" time="42.007" errors="0">
  <testcase name="homepage" time="42.007" classname="EbaySearch"/>
  <system-out/>
</testsuite> <!-- EbaySearch -->
